c:\users\leman\downloads\18120305_lequocdat_tuan11_1\18120305_lequocdat_tuan11_1\w1\x64\debug\vc142.pdb
c:\users\leman\downloads\18120305_lequocdat_tuan11_1\18120305_lequocdat_tuan11_1\w1\x64\debug\vc142.idb
c:\users\leman\downloads\18120305_lequocdat_tuan11_1\18120305_lequocdat_tuan11_1\w1\x64\debug\user.obj
c:\users\leman\downloads\18120305_lequocdat_tuan11_1\18120305_lequocdat_tuan11_1\w1\x64\debug\tacgia.obj
c:\users\leman\downloads\18120305_lequocdat_tuan11_1\18120305_lequocdat_tuan11_1\w1\x64\debug\sach.obj
c:\users\leman\downloads\18120305_lequocdat_tuan11_1\18120305_lequocdat_tuan11_1\w1\x64\debug\nxb.obj
c:\users\leman\downloads\18120305_lequocdat_tuan11_1\18120305_lequocdat_tuan11_1\w1\x64\debug\listsach.obj
c:\users\leman\downloads\18120305_lequocdat_tuan11_1\18120305_lequocdat_tuan11_1\w1\x64\debug\hoadon.obj
c:\users\leman\downloads\18120305_lequocdat_tuan11_1\18120305_lequocdat_tuan11_1\w1\x64\debug\guest.obj
c:\users\leman\downloads\18120305_lequocdat_tuan11_1\18120305_lequocdat_tuan11_1\w1\x64\debug\file.obj
c:\users\leman\downloads\18120305_lequocdat_tuan11_1\18120305_lequocdat_tuan11_1\w1\x64\debug\admin.obj
c:\users\leman\downloads\18120305_lequocdat_tuan11_1\18120305_lequocdat_tuan11_1\w1\x64\debug\main.obj
c:\users\leman\downloads\18120305_lequocdat_tuan11_1\18120305_lequocdat_tuan11_1\x64\debug\w1.exe
c:\users\leman\downloads\18120305_lequocdat_tuan11_1\18120305_lequocdat_tuan11_1\x64\debug\w1.ilk
c:\users\leman\downloads\18120305_lequocdat_tuan11_1\18120305_lequocdat_tuan11_1\x64\debug\w1.pdb
c:\users\leman\downloads\18120305_lequocdat_tuan11_1\18120305_lequocdat_tuan11_1\w1\x64\debug\w1.tlog\cl.command.1.tlog
c:\users\leman\downloads\18120305_lequocdat_tuan11_1\18120305_lequocdat_tuan11_1\w1\x64\debug\w1.tlog\cl.read.1.tlog
c:\users\leman\downloads\18120305_lequocdat_tuan11_1\18120305_lequocdat_tuan11_1\w1\x64\debug\w1.tlog\cl.write.1.tlog
c:\users\leman\downloads\18120305_lequocdat_tuan11_1\18120305_lequocdat_tuan11_1\w1\x64\debug\w1.tlog\link.command.1.tlog
c:\users\leman\downloads\18120305_lequocdat_tuan11_1\18120305_lequocdat_tuan11_1\w1\x64\debug\w1.tlog\link.read.1.tlog
c:\users\leman\downloads\18120305_lequocdat_tuan11_1\18120305_lequocdat_tuan11_1\w1\x64\debug\w1.tlog\link.write.1.tlog
